AcuantAndroidMobileSampleSDK/acuantSampleSDK/build/outputs/logs/manifest-merger-debug-report.txt
-- Merging decision tree log ---
manifest
ADDED from src/main/AndroidManifest.xml:2:1-48:12
	package
		ADDED from src/main/AndroidManifest.xml:3:5-33
		INJECTED from src/main/AndroidManifest.xml
		INJECTED from src/main/AndroidManifest.xml
	android:versionName
		INJECTED from src/main/AndroidManifest.xml
		INJECTED from src/main/AndroidManifest.xml
	xmlns:android
		ADDED from src/main/AndroidManifest.xml:2:11-69
	android:versionCode
		INJECTED from src/main/AndroidManifest.xml
		INJECTED from src/main/AndroidManifest.xml
uses-permission#android.permission.NFC
ADDED from src/main/AndroidManifest.xml:5:5-62
MERGED from [net.sf.scuba:scuba-sc-android:0.0.9] AndroidManifest.xml:11:5-62
	android:name
		ADDED from src/main/AndroidManifest.xml:5:22-59
uses-permission#android.permission.CAMERA
ADDED from src/main/AndroidManifest.xml:6:5-65
MERGED from [com.microblink:pdf417.mobi:6.0.1] AndroidManifest.xml:19:5-65
	android:name
		ADDED from src/main/AndroidManifest.xml:6:22-62
uses-permission#android.permission.WRITE_EXTERNAL_STORAGE
ADDED from src/main/AndroidManifest.xml:7:5-81
	android:name
		ADDED from src/main/AndroidManifest.xml:7:22-78
uses-permission#android.permission.READ_EXTERNAL_STORAGE
ADDED from src/main/AndroidManifest.xml:8:5-80
	android:name
		ADDED from src/main/AndroidManifest.xml:8:22-77
uses-permission#android.permission.READ_PHONE_STATE
ADDED from src/main/AndroidManifest.xml:9:5-75
	android:name
		ADDED from src/main/AndroidManifest.xml:9:22-72
uses-permission#android.permission.ACCESS_NETWORK_STATE
ADDED from src/main/AndroidManifest.xml:10:5-79
	android:name
		ADDED from src/main/AndroidManifest.xml:10:22-76
uses-permission#android.permission.INTERNET
ADDED from src/main/AndroidManifest.xml:11:5-67
	android:name
		ADDED from src/main/AndroidManifest.xml:11:22-64
uses-permission#android.permission.FLASHLIGHT
ADDED from src/main/AndroidManifest.xml:12:5-69
MERGED from [com.microblink:pdf417.mobi:6.0.1] AndroidManifest.xml:20:5-69
	android:name
		ADDED from src/main/AndroidManifest.xml:12:22-66
uses-permission#android.permission.ACCESS_FINE_LOCATION
ADDED from src/main/AndroidManifest.xml:13:5-79
	android:name
		ADDED from src/main/AndroidManifest.xml:13:22-76
application
ADDED from src/main/AndroidManifest.xml:15:5-46:19
MERGED from [com.microblink:pdf417.mobi:6.0.1] AndroidManifest.xml:32:5-39:19
MERGED from [com.android.support:appcompat-v7:25.0.0] AndroidManifest.xml:25:5-20
MERGED from [com.android.support:support-v4:25.0.0] AndroidManifest.xml:25:5-20
MERGED from [com.android.support:support-compat:25.0.0] AndroidManifest.xml:25:5-20
MERGED from [com.android.support:support-media-compat:25.0.0] AndroidManifest.xml:25:5-20
MERGED from [com.android.support:support-core-utils:25.0.0] AndroidManifest.xml:25:5-20
MERGED from [com.android.support:support-core-ui:25.0.0] AndroidManifest.xml:25:5-20
MERGED from [com.android.support:support-fragment:25.0.0] AndroidManifest.xml:25:5-20
MERGED from [com.android.support:support-vector-drawable:25.0.0] AndroidManifest.xml:23:5-20
MERGED from [com.android.support:animated-vector-drawable:25.0.0] AndroidManifest.xml:22:5-20
	android:label
		ADDED from src/main/AndroidManifest.xml:20:9-41
	android:allowClearUserData
		ADDED from src/main/AndroidManifest.xml:17:9-42
	android:hardwareAccelerated
		ADDED from src/main/AndroidManifest.xml:18:9-43
	tools:ignore
		ADDED from [com.microblink:pdf417.mobi:6.0.1] AndroidManifest.xml:34:9-39
	android:allowBackup
		ADDED from src/main/AndroidManifest.xml:16:9-35
	android:icon
		ADDED from src/main/AndroidManifest.xml:19:9-45
	android:largeHeap
		ADDED from [com.microblink:pdf417.mobi:6.0.1] AndroidManifest.xml:33:9-33
	android:theme
		ADDED from src/main/AndroidManifest.xml:21:9-40
activity#com.cssn.samplesdk.MainActivity
ADDED from src/main/AndroidManifest.xml:22:9-31:20
	android:label
		ADDED from src/main/AndroidManifest.xml:25:13-45
	android:configChanges
		ADDED from src/main/AndroidManifest.xml:24:13-48
	android:name
		ADDED from src/main/AndroidManifest.xml:23:13-41
intent-filter#android.intent.action.MAIN+android.intent.category.LAUNCHER
ADDED from src/main/AndroidManifest.xml:26:13-30:29
action#android.intent.action.MAIN
ADDED from src/main/AndroidManifest.xml:27:17-69
	android:name
		ADDED from src/main/AndroidManifest.xml:27:25-66
category#android.intent.category.LAUNCHER
ADDED from src/main/AndroidManifest.xml:29:17-77
	android:name
		ADDED from src/main/AndroidManifest.xml:29:27-74
activity#com.cssn.samplesdk.RegionList
ADDED from src/main/AndroidManifest.xml:32:9-35:48
	android:label
		ADDED from src/main/AndroidManifest.xml:35:13-45
	android:configChanges
		ADDED from src/main/AndroidManifest.xml:34:13-48
	android:name
		ADDED from src/main/AndroidManifest.xml:33:13-39
activity#com.cssn.samplesdk.ShowDataActivity
ADDED from src/main/AndroidManifest.xml:36:9-39:48
	android:label
		ADDED from src/main/AndroidManifest.xml:39:13-45
	android:configChanges
		ADDED from src/main/AndroidManifest.xml:38:13-48
	android:name
		ADDED from src/main/AndroidManifest.xml:37:13-45
activity#com.acuant.mobilesdk.detect.PDF417.CameraPDF417
ADDED from src/main/AndroidManifest.xml:40:9-84
	android:name
		ADDED from src/main/AndroidManifest.xml:40:19-81
activity#com.acuant.mobilesdk.detect.CameraCardDetectManual
ADDED from src/main/AndroidManifest.xml:41:9-87
	android:name
		ADDED from src/main/AndroidManifest.xml:41:19-84
activity#com.acuant.mobilesdk.detect.Camera2CardDetectManual
ADDED from src/main/AndroidManifest.xml:42:9-88
	android:name
		ADDED from src/main/AndroidManifest.xml:42:19-85
activity#com.acuant.mobilesdk.detect.Camera2FacialRecognitionManual
ADDED from src/main/AndroidManifest.xml:43:9-95
	android:name
		ADDED from src/main/AndroidManifest.xml:43:19-92
activity#com.cssn.samplesdk.ImageConformationActivity
ADDED from src/main/AndroidManifest.xml:44:9-63
	android:name
		ADDED from src/main/AndroidManifest.xml:44:19-60
activity#com.cssn.samplesdk.NFCResultActivity
ADDED from src/main/AndroidManifest.xml:45:9-55
	android:name
		ADDED from src/main/AndroidManifest.xml:45:19-52
uses-sdk
INJECTED from src/main/AndroidManifest.xml reason: use-sdk injection requested
MERGED from [com.android.support:multidex:1.0.1] AndroidManifest.xml:18:5-42
MERGED from [AcuantAndroidMobileSampleSDK:acuantMobileSDK:unspecified] AndroidManifest.xml:7:5-9:41
MERGED from [com.microblink:pdf417.mobi:6.0.1] AndroidManifest.xml:8:5-10:41
MERGED from [com.android.support:appcompat-v7:25.0.0] AndroidManifest.xml:21:5-23:78
MERGED from [com.android.support:support-v4:25.0.0] AndroidManifest.xml:21:5-23:54
MERGED from [com.android.support:support-compat:25.0.0] AndroidManifest.xml:21:5-23:58
MERGED from [com.android.support:support-media-compat:25.0.0] AndroidManifest.xml:21:5-23:63
MERGED from [com.android.support:support-core-utils:25.0.0] AndroidManifest.xml:21:5-23:61
MERGED from [com.android.support:support-core-ui:25.0.0] AndroidManifest.xml:21:5-23:58
MERGED from [com.android.support:support-fragment:25.0.0] AndroidManifest.xml:21:5-23:60
MERGED from [com.android.support:support-vector-drawable:25.0.0] AndroidManifest.xml:21:5-43
MERGED from [com.android.support:animated-vector-drawable:25.0.0] AndroidManifest.xml:20:5-44
MERGED from [net.sf.scuba:scuba-sc-android:0.0.9] AndroidManifest.xml:7:5-9:41
	tools:overrideLibrary
		ADDED from [com.android.support:appcompat-v7:25.0.0] AndroidManifest.xml:23:9-75
	android:targetSdkVersion
		INJECTED from src/main/AndroidManifest.xml
		INJECTED from src/main/AndroidManifest.xml
	android:minSdkVersion
		INJECTED from src/main/AndroidManifest.xml
		INJECTED from src/main/AndroidManifest.xml
uses-feature#android.hardware.camera
ADDED from [AcuantAndroidMobileSampleSDK:acuantMobileSDK:unspecified] AndroidManifest.xml:11:5-13:36
MERGED from [com.microblink:pdf417.mobi:6.0.1] AndroidManifest.xml:22:5-24:36
	android:required
		ADDED from [AcuantAndroidMobileSampleSDK:acuantMobileSDK:unspecified] AndroidManifest.xml:13:9-33
	android:name
		ADDED from [AcuantAndroidMobileSampleSDK:acuantMobileSDK:unspecified] AndroidManifest.xml:12:9-47
uses-feature#android.hardware.camera.autofocus
ADDED from [AcuantAndroidMobileSampleSDK:acuantMobileSDK:unspecified] AndroidManifest.xml:14:5-16:36
MERGED from [com.microblink:pdf417.mobi:6.0.1] AndroidManifest.xml:25:5-27:36
	android:required
		ADDED from [AcuantAndroidMobileSampleSDK:acuantMobileSDK:unspecified] AndroidManifest.xml:16:9-33
	android:name
		ADDED from [AcuantAndroidMobileSampleSDK:acuantMobileSDK:unspecified] AndroidManifest.xml:15:9-57
uses-feature#android.hardware.camera.flash
ADDED from [AcuantAndroidMobileSampleSDK:acuantMobileSDK:unspecified] AndroidManifest.xml:17:5-19:36
MERGED from [com.microblink:pdf417.mobi:6.0.1] AndroidManifest.xml:28:5-30:36
	android:required
		ADDED from [AcuantAndroidMobileSampleSDK:acuantMobileSDK:unspecified] AndroidManifest.xml:19:9-33
	android:name
		ADDED from [AcuantAndroidMobileSampleSDK:acuantMobileSDK:unspecified] AndroidManifest.xml:18:9-53
uses-permission#android.permission.ACCESS_COARSE_LOCATION
ADDED from [AcuantAndroidMobileSampleSDK:acuantMobileSDK:unspecified] AndroidManifest.xml:21:5-81
	android:name
		ADDED from [AcuantAndroidMobileSampleSDK:acuantMobileSDK:unspecified] AndroidManifest.xml:21:22-78
supports-screens
ADDED from [com.microblink:pdf417.mobi:6.0.1] AndroidManifest.xml:12:5-17:39
	android:largeScreens
		ADDED from [com.microblink:pdf417.mobi:6.0.1] AndroidManifest.xml:14:9-36
	android:smallScreens
		ADDED from [com.microblink:pdf417.mobi:6.0.1] AndroidManifest.xml:17:9-36
	android:normalScreens
		ADDED from [com.microblink:pdf417.mobi:6.0.1] AndroidManifest.xml:15:9-37
	android:resizeable
		ADDED from [com.microblink:pdf417.mobi:6.0.1] AndroidManifest.xml:16:9-34
	android:anyDensity
		ADDED from [com.microblink:pdf417.mobi:6.0.1] AndroidManifest.xml:13:9-34
activity#com.microblink.activity.Pdf417ScanActivity
ADDED from [com.microblink:pdf417.mobi:6.0.1] AndroidManifest.xml:35:9-38:20
	android:screenOrientation
		ADDED from [com.microblink:pdf417.mobi:6.0.1] AndroidManifest.xml:37:13-49
	android:name
		ADDED from [com.microblink:pdf417.mobi:6.0.1] AndroidManifest.xml:36:13-70